This is LuaHBTeX, Version 1.17.1 (MiKTeX 24.1) (format=lualatex 2025.10.18)  18 OCT 2025 22:11
 restricted system commands enabled.
**document.tex
(./document.tex
LaTeX2e <2023-11-01> patch level 1
L3 programming layer <2024-01-04>
Lua module: luaotfload 2023-08-31 3.26 Lua based OpenType font support
Lua module: lualibs 2023-07-13 2.76 ConTeXt Lua standard libraries.
Lua module: lualibs-extended 2023-07-13 2.76 ConTeXt Lua libraries -- extended c
ollection.
luaotfload | conf : Root cache directory is "C:/Users/PandoBanana/AppData/Local/
MiKTeX/luatex-cache/generic/names".
luaotfload | init : Loading fontloader "fontloader-2023-08-19.lua" from kpse-res
olved path "C:/Users/PandoBanana/AppData/Local/Programs/MiKTeX/tex/luatex/luaotf
load/fontloader-2023-08-19.lua".
Lua-only attribute luaotfload@noligature = 1
luaotfload | init : Context OpenType loader version 3.133
Inserting `luaotfload.node_processor' in `pre_linebreak_filter'.
Inserting `luaotfload.node_processor' in `hpack_filter'.
Inserting `luaotfload.glyph_stream' in `glyph_stream_provider'.
Inserting `luaotfload.define_font' in `define_font'.
Lua-only attribute luaotfload_color_attribute = 2
luaotfload | conf : Root cache directory is "C:/Users/PandoBanana/AppData/Local/
MiKTeX/luatex-cache/generic/names".
Inserting `luaotfload.harf.strip_prefix' in `find_opentype_file'.
Inserting `luaotfload.harf.strip_prefix' in `find_truetype_file'.
Removing  `luaotfload.glyph_stream' from `glyph_stream_provider'.
Inserting `luaotfload.harf.glyphstream' in `glyph_stream_provider'.
Inserting `luaotfload.harf.finalize_vlist' in `post_linebreak_filter'.
Inserting `luaotfload.harf.finalize_hlist' in `hpack_filter'.
Inserting `luaotfload.cleanup_files' in `wrapup_run'.
Inserting `luaotfload.harf.finalize_unicode' in `finish_pdffile'.
Inserting `luaotfload.glyphinfo' in `glyph_info'.
Lua-only attribute luaotfload.letterspace_done = 3
Inserting `luaotfload.aux.set_sscale_dimens' in `luaotfload.patch_font'.
Inserting `luaotfload.aux.set_font_index' in `luaotfload.patch_font'.
Inserting `luaotfload.aux.patch_cambria_domh' in `luaotfload.patch_font'.
Inserting `luaotfload.aux.fixup_fontdata' in `luaotfload.patch_font_unsafe'.
Inserting `luaotfload.aux.set_capheight' in `luaotfload.patch_font'.
Inserting `luaotfload.aux.set_xheight' in `luaotfload.patch_font'.
Inserting `luaotfload.rewrite_fontname' in `luaotfload.patch_font'.
Inserting `tracingstacklevels' in `input_level_string'. (./FedericoIIswedoc.cls

Document Class: FedericoIIswedoc 2025-10-17 Software Engineering Documentation 
Class

(C:/Users/PandoBanana/AppData/Local/Programs/MiKTeX/tex/latex/l3kernel/expl3.st
y
Package: expl3 2024-01-04 L3 programming layer (loader) 

(C:/Users/PandoBanana/AppData/Local/Programs/MiKTeX/tex/latex/l3backend/l3backe
nd-luatex.def
File: l3backend-luatex.def 2024-01-04 L3 backend support: PDF output (LuaTeX)
\l__color_backend_stack_int=\count185
Inserting `l3color' in `luaotfload.parse_color'.
\l__pdf_internal_box=\box51
))
(C:/Users/PandoBanana/AppData/Local/Programs/MiKTeX/tex/latex/base/report.cls
Document Class: report 2023/05/17 v1.4n Standard LaTeX document class
(C:/Users/PandoBanana/AppData/Local/Programs/MiKTeX/tex/latex/base/size11.clo
File: size11.clo 2023/05/17 v1.4n Standard LaTeX file (size option)
luaotfload | db : Font names database loaded from C:/Users/PandoBanana/AppData/L
ocal/MiKTeX/luatex-cache/generic/names/luaotfload-names.luc.gz)
\c@part=\count186
\c@chapter=\count187
\c@section=\count188
\c@subsection=\count189
\c@subsubsection=\count190
\c@paragraph=\count191
\c@subparagraph=\count192
\c@figure=\count193
\c@table=\count194
\abovecaptionskip=\skip48
\belowcaptionskip=\skip49
\bibindent=\dimen139
)
(C:/Users/PandoBanana/AppData/Local/Programs/MiKTeX/tex/latex/graphics/graphicx
.sty
Package: graphicx 2021/09/16 v1.2d Enhanced LaTeX Graphics (DPC,SPQR)

(C:/Users/PandoBanana/AppData/Local/Programs/MiKTeX/tex/latex/graphics/keyval.s
ty
Package: keyval 2022/05/29 v1.15 key=value parser (DPC)
\KV@toks@=\toks17
)
(C:/Users/PandoBanana/AppData/Local/Programs/MiKTeX/tex/latex/graphics/graphics
.sty
Package: graphics 2022/03/10 v1.4e Standard LaTeX Graphics (DPC,SPQR)

(C:/Users/PandoBanana/AppData/Local/Programs/MiKTeX/tex/latex/graphics/trig.sty
Package: trig 2021/08/11 v1.11 sin cos tan (DPC)
)
(C:/Users/PandoBanana/AppData/Local/Programs/MiKTeX/tex/latex/graphics-cfg/grap
hics.cfg
File: graphics.cfg 2016/06/04 v1.11 sample graphics configuration
)
Package graphics Info: Driver file: luatex.def on input line 107.

(C:/Users/PandoBanana/AppData/Local/Programs/MiKTeX/tex/latex/graphics-def/luat
ex.def
File: luatex.def 2022/09/22 v1.2d Graphics/color driver for luatex
))
\Gin@req@height=\dimen140
\Gin@req@width=\dimen141
)
(C:/Users/PandoBanana/AppData/Local/Programs/MiKTeX/tex/latex/geometry/geometry
.sty
Package: geometry 2020/01/02 v5.9 Page Geometry

(C:/Users/PandoBanana/AppData/Local/Programs/MiKTeX/tex/generic/iftex/ifvtex.st
y
Package: ifvtex 2019/10/25 v1.7 ifvtex legacy package. Use iftex instead.

(C:/Users/PandoBanana/AppData/Local/Programs/MiKTeX/tex/generic/iftex/iftex.sty
Package: iftex 2022/02/03 v1.0f TeX engine tests
))
\Gm@cnth=\count195
\Gm@cntv=\count196
\c@Gm@tempcnt=\count197
\Gm@bindingoffset=\dimen142
\Gm@wd@mp=\dimen143
\Gm@odd@mp=\dimen144
\Gm@even@mp=\dimen145
\Gm@layoutwidth=\dimen146
\Gm@layoutheight=\dimen147
\Gm@layouthoffset=\dimen148
\Gm@layoutvoffset=\dimen149
\Gm@dimlist=\toks18

(C:/Users/PandoBanana/AppData/Local/Programs/MiKTeX/tex/latex/geometry/geometry
.cfg))
(C:/Users/PandoBanana/AppData/Local/Programs/MiKTeX/tex/latex/colortbl/colortbl
.sty
Package: colortbl 2024/10/29 v1.0k Color table columns (DPC)

(C:/Users/PandoBanana/AppData/Local/Programs/MiKTeX/tex/latex/tools/array.sty
Package: array 2023/10/16 v2.5g Tabular extension package (FMi)
\col@sep=\dimen150
\ar@mcellbox=\box52
\extrarowheight=\dimen151
\NC@list=\toks19
\extratabsurround=\skip50
\backup@length=\skip51
\ar@cellbox=\box53
)
(C:/Users/PandoBanana/AppData/Local/Programs/MiKTeX/tex/latex/graphics/color.st
y
Package: color 2022/01/06 v1.3d Standard LaTeX Color (DPC)

(C:/Users/PandoBanana/AppData/Local/Programs/MiKTeX/tex/latex/graphics-cfg/colo
r.cfg
File: color.cfg 2016/01/02 v1.6 sample color configuration
)
Package color Info: Driver file: luatex.def on input line 149.

(C:/Users/PandoBanana/AppData/Local/Programs/MiKTeX/tex/latex/graphics/mathcolo
r.ltx))
\everycr=\toks20
\minrowclearance=\skip52
\rownum=\count198
)
(C:/Users/PandoBanana/AppData/Local/Programs/MiKTeX/tex/latex/hyperref/hyperref
.sty
Package: hyperref 2023-11-26 v7.01g Hypertext links for LaTeX

(C:/Users/PandoBanana/AppData/Local/Programs/MiKTeX/tex/generic/infwarerr/infwa
rerr.sty
Package: infwarerr 2019/12/03 v1.5 Providing info/warning/error messages (HO)
)
(C:/Users/PandoBanana/AppData/Local/Programs/MiKTeX/tex/latex/kvsetkeys/kvsetke
ys.sty
Package: kvsetkeys 2022-10-05 v1.19 Key value parser (HO)
)
(C:/Users/PandoBanana/AppData/Local/Programs/MiKTeX/tex/generic/kvdefinekeys/kv
definekeys.sty
Package: kvdefinekeys 2019-12-19 v1.6 Define keys (HO)
)
(C:/Users/PandoBanana/AppData/Local/Programs/MiKTeX/tex/generic/pdfescape/pdfes
cape.sty
Package: pdfescape 2019/12/09 v1.15 Implements pdfTeX's escape features (HO)

(C:/Users/PandoBanana/AppData/Local/Programs/MiKTeX/tex/generic/ltxcmds/ltxcmds
.sty
Package: ltxcmds 2023-12-04 v1.26 LaTeX kernel commands for general use (HO)
)
(C:/Users/PandoBanana/AppData/Local/Programs/MiKTeX/tex/generic/pdftexcmds/pdft
excmds.sty
Package: pdftexcmds 2020-06-27 v0.33 Utility functions of pdfTeX for LuaTeX (HO
)
Package pdftexcmds Info: \pdf@primitive is available.
Package pdftexcmds Info: \pdf@ifprimitive is available.
Package pdftexcmds Info: \pdfdraftmode found.
\pdftexcmds@toks=\toks21
))
(C:/Users/PandoBanana/AppData/Local/Programs/MiKTeX/tex/latex/hycolor/hycolor.s
ty
Package: hycolor 2020-01-27 v1.10 Color options for hyperref/bookmark (HO)
)
(C:/Users/PandoBanana/AppData/Local/Programs/MiKTeX/tex/latex/letltxmacro/letlt
xmacro.sty
Package: letltxmacro 2019/12/03 v1.6 Let assignment for LaTeX macros (HO)
)
(C:/Users/PandoBanana/AppData/Local/Programs/MiKTeX/tex/latex/auxhook/auxhook.s
ty
Package: auxhook 2019-12-17 v1.6 Hooks for auxiliary files (HO)
)
(C:/Users/PandoBanana/AppData/Local/Programs/MiKTeX/tex/latex/hyperref/nameref.
sty
Package: nameref 2023-11-26 v2.56 Cross-referencing by name of section

(C:/Users/PandoBanana/AppData/Local/Programs/MiKTeX/tex/latex/refcount/refcount
.sty
Package: refcount 2019/12/15 v3.6 Data extraction from label references (HO)
)
(C:/Users/PandoBanana/AppData/Local/Programs/MiKTeX/tex/generic/gettitlestring/
gettitlestring.sty
Package: gettitlestring 2019/12/15 v1.6 Cleanup title references (HO)

(C:/Users/PandoBanana/AppData/Local/Programs/MiKTeX/tex/latex/kvoptions/kvoptio
ns.sty
Package: kvoptions 2022-06-15 v3.15 Key value format for package options (HO)
))
\c@section@level=\count199
)
(C:/Users/PandoBanana/AppData/Local/Programs/MiKTeX/tex/latex/etoolbox/etoolbox
.sty
Package: etoolbox 2020/10/05 v2.5k e-TeX tools for LaTeX (JAW)
\etb@tempcnta=\count266
)
\@linkdim=\dimen152
\Hy@linkcounter=\count267
\Hy@pagecounter=\count268

(C:/Users/PandoBanana/AppData/Local/Programs/MiKTeX/tex/latex/hyperref/pd1enc.d
ef
File: pd1enc.def 2023-11-26 v7.01g Hyperref: PDFDocEncoding definition (HO)
)
(C:/Users/PandoBanana/AppData/Local/Programs/MiKTeX/tex/generic/intcalc/intcalc
.sty
Package: intcalc 2019/12/15 v1.3 Expandable calculations with integers (HO)
)
\Hy@SavedSpaceFactor=\count269

(C:/Users/PandoBanana/AppData/Local/Programs/MiKTeX/tex/latex/hyperref/puenc.de
f
File: puenc.def 2023-11-26 v7.01g Hyperref: PDF Unicode definition (HO)
)
Package hyperref Info: Option `bookmarks' set `true' on input line 4064.
Package hyperref Info: Option `pdfusetitle' set `true' on input line 4064.
Package hyperref Info: Hyper figures OFF on input line 4181.
Package hyperref Info: Link nesting OFF on input line 4186.
Package hyperref Info: Hyper index ON on input line 4189.
Package hyperref Info: Plain pages OFF on input line 4196.
Package hyperref Info: Backreferencing OFF on input line 4201.
Package hyperref Info: Implicit mode ON; LaTeX internals redefined.
Package hyperref Info: Bookmarks ON on input line 4448.
\c@Hy@tempcnt=\count270
 (C:/Users/PandoBanana/AppData/Local/Programs/MiKTeX/tex/latex/url/url.sty
\Urlmuskip=\muskip16
Package: url 2013/09/16  ver 3.4  Verb mode for urls, etc.
)
LaTeX Info: Redefining \url on input line 4786.
\XeTeXLinkMargin=\dimen153

(C:/Users/PandoBanana/AppData/Local/Programs/MiKTeX/tex/generic/bitset/bitset.s
ty
Package: bitset 2019/12/09 v1.3 Handle bit-vector datatype (HO)

(C:/Users/PandoBanana/AppData/Local/Programs/MiKTeX/tex/generic/bigintcalc/bigi
ntcalc.sty
Package: bigintcalc 2019/12/15 v1.5 Expandable calculations on big integers (HO
)
))
\Fld@menulength=\count271
\Field@Width=\dimen154
\Fld@charsize=\dimen155
Package hyperref Info: Hyper figures OFF on input line 6065.
Package hyperref Info: Link nesting OFF on input line 6070.
Package hyperref Info: Hyper index ON on input line 6073.
Package hyperref Info: backreferencing OFF on input line 6080.
Package hyperref Info: Link coloring OFF on input line 6085.
Package hyperref Info: Link coloring with OCG OFF on input line 6090.
Package hyperref Info: PDF/A mode OFF on input line 6095.

(C:/Users/PandoBanana/AppData/Local/Programs/MiKTeX/tex/latex/base/atbegshi-ltx
.sty
Package: atbegshi-ltx 2021/01/10 v1.0c Emulation of the original atbegshi
package with kernel methods
)
\Hy@abspage=\count272
\c@Item=\count273
\c@Hfootnote=\count274
)
Package hyperref Info: Driver (autodetected): hluatex.

(C:/Users/PandoBanana/AppData/Local/Programs/MiKTeX/tex/latex/hyperref/hluatex.
def
File: hluatex.def 2023-11-26 v7.01g Hyperref driver for luaTeX

(C:/Users/PandoBanana/AppData/Local/Programs/MiKTeX/tex/generic/stringenc/strin
genc.sty
Package: stringenc 2019/11/29 v1.12 Convert strings between diff. encodings (HO
)
)
(C:/Users/PandoBanana/AppData/Local/Programs/MiKTeX/tex/latex/base/atveryend-lt
x.sty
Package: atveryend-ltx 2020/08/19 v1.0a Emulation of the original atveryend pac
kage
with kernel methods
)
\Fld@listcount=\count275
\c@bookmark@seq@number=\count276

(C:/Users/PandoBanana/AppData/Local/Programs/MiKTeX/tex/latex/rerunfilecheck/re
runfilecheck.sty
Package: rerunfilecheck 2025-06-21 v1.11 Rerun checks for auxiliary files (HO)

(C:/Users/PandoBanana/AppData/Local/Programs/MiKTeX/tex/generic/uniquecounter/u
niquecounter.sty
Package: uniquecounter 2019/12/15 v1.4 Provide unlimited unique counter (HO)
)
Package uniquecounter Info: New unique counter `rerunfilecheck' on input line 2
84.
)
\Hy@SectionHShift=\skip53
)
(C:/Users/PandoBanana/AppData/Local/Programs/MiKTeX/tex/latex/base/fontenc.sty
Package: fontenc 2021/04/29 v2.0v Standard LaTeX package
LaTeX Font Info:    Trying to load font information for T1+lmr on input line 11
2.

(C:/Users/PandoBanana/AppData/Local/Programs/MiKTeX/tex/latex/lm/t1lmr.fd
File: t1lmr.fd 2015/05/01 v1.6.1 Font defs for Latin Modern
))
(C:/Users/PandoBanana/AppData/Local/Programs/MiKTeX/tex/latex/newpx/newpxmath.s
ty
Package: newpxmath 2025/06/07 v1.542 LaTeX math support for newpx (Michael Shar
pe)
 `newpxmath' v1.542, 2025/06/07 Math macros based on pxfonts (msharpe)
(C:/Users/PandoBanana/AppData/Local/Programs/MiKTeX/tex/latex/amsmath/amsmath.s
ty
Package: amsmath 2023/05/13 v2.17o AMS math features
\@mathmargin=\skip54

For additional information on amsmath, use the `?' option.

(C:/Users/PandoBanana/AppData/Local/Programs/MiKTeX/tex/latex/amsmath/amstext.s
ty
Package: amstext 2021/08/26 v2.01 AMS text

(C:/Users/PandoBanana/AppData/Local/Programs/MiKTeX/tex/latex/amsmath/amsgen.st
y
File: amsgen.sty 1999/11/30 v2.0 generic functions
\@emptytoks=\toks22
\ex@=\dimen156
))
(C:/Users/PandoBanana/AppData/Local/Programs/MiKTeX/tex/latex/amsmath/amsbsy.st
y
Package: amsbsy 1999/11/29 v1.2d Bold Symbols
\pmbraise@=\dimen157
)
(C:/Users/PandoBanana/AppData/Local/Programs/MiKTeX/tex/latex/amsmath/amsopn.st
y
Package: amsopn 2022/04/08 v2.04 operator names
)
\inf@bad=\count277
LaTeX Info: Redefining \frac on input line 236.
\uproot@=\count278
\leftroot@=\count279
LaTeX Info: Redefining \overline on input line 399.
LaTeX Info: Redefining \colon on input line 410.
\classnum@=\count280
\DOTSCASE@=\count281
LaTeX Info: Redefining \ldots on input line 496.
LaTeX Info: Redefining \dots on input line 499.
LaTeX Info: Redefining \cdots on input line 620.
\Mathstrutbox@=\box54
\strutbox@=\box55
LaTeX Info: Redefining \big on input line 722.
LaTeX Info: Redefining \Big on input line 723.
LaTeX Info: Redefining \bigg on input line 724.
LaTeX Info: Redefining \Bigg on input line 725.
\big@size=\dimen158
LaTeX Font Info:    Redeclaring font encoding OML on input line 743.
LaTeX Font Info:    Redeclaring font encoding OMS on input line 744.
\macc@depth=\count282
LaTeX Info: Redefining \bmod on input line 905.
LaTeX Info: Redefining \pmod on input line 910.
LaTeX Info: Redefining \smash on input line 940.
LaTeX Info: Redefining \relbar on input line 970.
LaTeX Info: Redefining \Relbar on input line 971.
\c@MaxMatrixCols=\count283
\dotsspace@=\muskip17
\c@parentequation=\count284
\dspbrk@lvl=\count285
\tag@help=\toks23
\row@=\count286
\column@=\count287
\maxfields@=\count288
\andhelp@=\toks24
\eqnshift@=\dimen159
\alignsep@=\dimen160
\tagshift@=\dimen161
\tagwidth@=\dimen162
\totwidth@=\dimen163
\lineht@=\dimen164
\@envbody=\toks25
\multlinegap=\skip55
\multlinetaggap=\skip56
\mathdisplay@stack=\toks26
LaTeX Info: Redefining \[ on input line 2953.
LaTeX Info: Redefining \] on input line 2954.
)
(C:/Users/PandoBanana/AppData/Local/Programs/MiKTeX/tex/generic/binhex/binhex.t
ex)
(C:/Users/PandoBanana/AppData/Local/Programs/MiKTeX/tex/latex/xkeyval/xkeyval.s
ty
Package: xkeyval 2022/06/16 v2.9 package option processing (HA)

(C:/Users/PandoBanana/AppData/Local/Programs/MiKTeX/tex/generic/xkeyval/xkeyval
.tex
(C:/Users/PandoBanana/AppData/Local/Programs/MiKTeX/tex/generic/xkeyval/xkvutil
s.tex
\XKV@toks=\toks27
\XKV@tempa@toks=\toks28
)
\XKV@depth=\count289
File: xkeyval.tex 2014/12/03 v2.7a key=value parser (HA)
))
(C:/Users/PandoBanana/AppData/Local/Programs/MiKTeX/tex/latex/oberdiek/centerno
t.sty
Package: centernot 2016/05/16 v1.4 Centers the not symbol horizontally (HO)
)
\px@tA=\toks29
\px@tB=\toks30
\px@su=\read2
\px@Isdigit=\count290

amsthm NOT loaded
LaTeX Font Info:    Redeclaring symbol font `operators' on input line 222.
LaTeX Font Info:    Overwriting symbol font `operators' in version `normal'
(Font)                  OT1/cmr/m/n --> OT1/lmr/m/n on input line 222.
LaTeX Font Info:    Overwriting symbol font `operators' in version `bold'
(Font)                  OT1/cmr/bx/n --> OT1/lmr/m/n on input line 222.
LaTeX Font Info:    Overwriting symbol font `operators' in version `bold'
(Font)                  OT1/lmr/m/n --> OT1/lmr/b/n on input line 223.
LaTeX Font Info:    Redeclaring math alphabet \mathsf on input line 226.
LaTeX Font Info:    Overwriting math alphabet `\mathsf' in version `normal'
(Font)                  OT1/cmss/m/n --> T1/lmss/m/n on input line 226.
LaTeX Font Info:    Overwriting math alphabet `\mathsf' in version `bold'
(Font)                  OT1/cmss/bx/n --> T1/lmss/m/n on input line 226.
LaTeX Font Info:    Redeclaring math alphabet \mathit on input line 227.
LaTeX Font Info:    Overwriting math alphabet `\mathit' in version `normal'
(Font)                  OT1/cmr/m/it --> OT1/lmr/m/it on input line 227.
LaTeX Font Info:    Overwriting math alphabet `\mathit' in version `bold'
(Font)                  OT1/cmr/bx/it --> OT1/lmr/m/it on input line 227.
LaTeX Font Info:    Redeclaring math alphabet \mathtt on input line 228.
LaTeX Font Info:    Overwriting math alphabet `\mathtt' in version `normal'
(Font)                  OT1/cmtt/m/n --> T1/lmtt/m/n on input line 228.
LaTeX Font Info:    Overwriting math alphabet `\mathtt' in version `bold'
(Font)                  OT1/cmtt/m/n --> T1/lmtt/m/n on input line 228.
LaTeX Font Info:    Redeclaring math alphabet \mathbf on input line 230.
LaTeX Font Info:    Overwriting math alphabet `\mathbf' in version `normal'
(Font)                  OT1/cmr/bx/n --> OT1/lmr/b/n on input line 230.
LaTeX Font Info:    Overwriting math alphabet `\mathbf' in version `bold'
(Font)                  OT1/cmr/bx/n --> OT1/lmr/b/n on input line 230.
LaTeX Font Info:    Overwriting math alphabet `\mathit' in version `bold'
(Font)                  OT1/lmr/m/it --> OT1/lmr/b/it on input line 231.
LaTeX Font Info:    Overwriting math alphabet `\mathsf' in version `bold'
(Font)                  T1/lmss/m/n --> T1/lmss/b/n on input line 233.
LaTeX Font Info:    Overwriting math alphabet `\mathtt' in version `bold'
(Font)                  T1/lmtt/m/n --> T1/lmtt/b/n on input line 234.
LaTeX Font Info:    Redeclaring symbol font `letters' on input line 245.
LaTeX Font Info:    Overwriting symbol font `letters' in version `normal'
(Font)                  OML/cmm/m/it --> OML/npxmi/m/it on input line 245.
LaTeX Font Info:    Overwriting symbol font `letters' in version `bold'
(Font)                  OML/cmm/b/it --> OML/npxmi/m/it on input line 245.
LaTeX Font Info:    Overwriting symbol font `letters' in version `bold'
(Font)                  OML/npxmi/m/it --> OML/npxmi/b/it on input line 246.
\symlettersA=\mathgroup4
LaTeX Font Info:    Overwriting symbol font `lettersA' in version `bold'
(Font)                  U/npxmia/m/it --> U/npxmia/b/it on input line 264.
LaTeX Font Info:    Redeclaring symbol font `symbols' on input line 274.
LaTeX Font Info:    Encoding `OMS' has changed to `LMS' for symbol font
(Font)              `symbols' in the math version `normal' on input line 274.
LaTeX Font Info:    Overwriting symbol font `symbols' in version `normal'
(Font)                  OMS/cmsy/m/n --> LMS/npxsy/m/n on input line 274.
LaTeX Font Info:    Encoding `OMS' has changed to `LMS' for symbol font
(Font)              `symbols' in the math version `bold' on input line 274.
LaTeX Font Info:    Overwriting symbol font `symbols' in version `bold'
(Font)                  OMS/cmsy/b/n --> LMS/npxsy/m/n on input line 274.
LaTeX Font Info:    Overwriting symbol font `symbols' in version `bold'
(Font)                  LMS/npxsy/m/n --> LMS/npxsy/b/n on input line 275.
\symAMSm=\mathgroup5
LaTeX Font Info:    Overwriting symbol font `AMSm' in version `bold'
(Font)                  U/npxsym/m/n --> U/npxsym/b/n on input line 295.
\symsymbolsC=\mathgroup6
LaTeX Font Info:    Overwriting symbol font `symbolsC' in version `bold'
(Font)                  U/npxsyc/m/n --> U/npxsyc/b/n on input line 317.
LaTeX Font Info:    Redeclaring symbol font `largesymbols' on input line 337.
LaTeX Font Info:    Encoding `OMX' has changed to `LMX' for symbol font
(Font)              `largesymbols' in the math version `normal' on input line 3
37.
LaTeX Font Info:    Overwriting symbol font `largesymbols' in version `normal'
(Font)                  OMX/cmex/m/n --> LMX/npxexx/m/n on input line 337.
LaTeX Font Info:    Encoding `OMX' has changed to `LMX' for symbol font
(Font)              `largesymbols' in the math version `bold' on input line 337
.
LaTeX Font Info:    Overwriting symbol font `largesymbols' in version `bold'
(Font)                  OMX/cmex/m/n --> LMX/npxexx/m/n on input line 337.
LaTeX Font Info:    Overwriting symbol font `largesymbols' in version `bold'
(Font)                  LMX/npxexx/m/n --> LMX/npxexx/b/n on input line 338.
\symlargesymbolsPXA=\mathgroup7
LaTeX Font Info:    Overwriting symbol font `largesymbolsPXA' in version `bold'

(Font)                  U/npxexa/m/n --> U/npxexa/b/n on input line 345.
\px@cntz=\count291
\px@IsAlNum=\count292
\px@sbptoks=\toks31
LaTeX Font Info:    Redeclaring math delimiter \lfloor on input line 500.
LaTeX Font Info:    Redeclaring math delimiter \rfloor on input line 501.
LaTeX Font Info:    Redeclaring math delimiter \lceil on input line 502.
LaTeX Font Info:    Redeclaring math delimiter \rceil on input line 503.
LaTeX Font Info:    Redeclaring math delimiter \lbrace on input line 508.
LaTeX Font Info:    Redeclaring math delimiter \rbrace on input line 509.
LaTeX Font Info:    Redeclaring math delimiter \langle on input line 511.
LaTeX Font Info:    Redeclaring math delimiter \rangle on input line 513.
LaTeX Font Info:    Redeclaring math delimiter \arrowvert on input line 517.
LaTeX Font Info:    Redeclaring math delimiter \vert on input line 518.
LaTeX Font Info:    Redeclaring math symbol \parallel on input line 519.
LaTeX Font Info:    Redeclaring math delimiter \Arrowvert on input line 520.
LaTeX Font Info:    Redeclaring math symbol \hbar on input line 546.
LaTeX Font Info:    Redeclaring math accent \grave on input line 560.
LaTeX Font Info:    Redeclaring math accent \acute on input line 561.
LaTeX Font Info:    Redeclaring math accent \hat on input line 562.
LaTeX Font Info:    Redeclaring math accent \tilde on input line 563.
LaTeX Font Info:    Redeclaring math accent \bar on input line 564.
LaTeX Font Info:    Redeclaring math accent \breve on input line 565.
LaTeX Font Info:    Redeclaring math accent \mathring on input line 566.
LaTeX Font Info:    Redeclaring math accent \check on input line 567.
LaTeX Font Info:    Redeclaring math accent \dot on input line 571.
LaTeX Font Info:    Redeclaring math accent \ddot on input line 572.
LaTeX Font Info:    Redeclaring math accent \vec on input line 1617.
LaTeX Info: Redefining \Bbbk on input line 2194.
LaTeX Info: Redefining \not on input line 2534.
)
(C:/Users/PandoBanana/AppData/Local/Programs/MiKTeX/tex/latex/fvextra/fvextra.s
ty
Package: fvextra 2025/05/29 v1.13.2 fvextra - extensions and patches for fancyv
rb

(C:/Users/PandoBanana/AppData/Local/Programs/MiKTeX/tex/latex/fancyvrb/fancyvrb
.sty
Package: fancyvrb 2025/07/28 4.6 verbatim text (tvz,hv)
\FV@CodeLineNo=\count293
\FV@InFile=\read3
\FV@TabBox=\box56
\c@FancyVerbLine=\count294
\FV@StepNumber=\count295
\FV@OutFile=\write3
)
(C:/Users/PandoBanana/AppData/Local/Programs/MiKTeX/tex/latex/upquote/upquote.s
ty
Package: upquote 2012/04/19 v1.3 upright-quote and grave-accent glyphs in verba
tim

(C:/Users/PandoBanana/AppData/Local/Programs/MiKTeX/tex/latex/base/textcomp.sty
Package: textcomp 2020/02/02 v2.0n Standard LaTeX package
))
(C:/Users/PandoBanana/AppData/Local/Programs/MiKTeX/tex/latex/lineno/lineno.sty
Package: lineno 2025/05/13 line numbers on paragraphs v5.5
\linenopenalty=\count296
\output=\toks32
\linenoprevgraf=\count297
\linenumbersep=\dimen165
\linenumberwidth=\dimen166
\c@linenumber=\count298
\c@pagewiselinenumber=\count299
\c@LN@truepage=\count300
\c@internallinenumber=\count301
\c@internallinenumbers=\count302
\quotelinenumbersep=\dimen167
\bframerule=\dimen168
\bframesep=\dimen169
\bframebox=\box57
\@LN@amsmath@ams@eqpen=\count303
)
\c@FancyVerbWriteLine=\count304
\c@FancyVerbBufferLine=\count305
\c@FV@TrueTabGroupLevel=\count306
\c@FV@TrueTabCounter=\count307
\FV@TabBox@Group=\box58
\FV@bgcolorstructbox=\box59
\FV@TmpLength=\skip57
\c@FV@HighlightLinesStart=\count308
\c@FV@HighlightLinesStop=\count309
\FV@LoopCount=\count310
\FV@NCharsBox=\box60
\FV@BreakIndent=\dimen170
\FV@BreakIndentNChars=\count311
\FV@BreakSymbolSepLeft=\dimen171
\FV@BreakSymbolSepLeftNChars=\count312
\FV@BreakSymbolSepRight=\dimen172
\FV@BreakSymbolSepRightNChars=\count313
\FV@BreakSymbolIndentLeft=\dimen173
\FV@BreakSymbolIndentLeftNChars=\count314
\FV@BreakSymbolIndentRight=\dimen174
\FV@BreakSymbolIndentRightNChars=\count315
\c@FancyVerbLineBreakLast=\count316
\FV@LineBox=\box61
\FV@LineIndentBox=\box62
\c@FV@BreakBufferDepth=\count317
\FV@LineWidth=\dimen175
)
(C:/Users/PandoBanana/AppData/Local/Programs/MiKTeX/tex/latex/csquotes/csquotes
.sty
Package: csquotes 2024-04-04 v5.2o context-sensitive quotations (JAW)
\csq@reset=\count318
\csq@gtype=\count319
\csq@glevel=\count320
\csq@qlevel=\count321
\csq@maxlvl=\count322
\csq@tshold=\count323
\csq@ltx@everypar=\toks33

(C:/Users/PandoBanana/AppData/Local/Programs/MiKTeX/tex/latex/csquotes/csquotes
.def
File: csquotes.def 2024-04-04 v5.2o csquotes generic definitions (JAW)
)
Package csquotes Info: Trying to load configuration file 'csquotes.cfg'...
Package csquotes Info: ... configuration file loaded successfully.

(C:/Users/PandoBanana/AppData/Local/Programs/MiKTeX/tex/latex/csquotes/csquotes
.cfg
File: csquotes.cfg 
))
(C:/Users/PandoBanana/AppData/Local/Programs/MiKTeX/tex/latex/fontspec/fontspec
.sty
(C:/Users/PandoBanana/AppData/Local/Programs/MiKTeX/tex/latex/l3packages/xparse
/xparse.sty
Package: xparse 2023-10-10 L3 Experimental document command parser
)
Package: fontspec 2022/01/15 v2.8a Font selection for XeLaTeX and LuaLaTeX
Lua module: fontspec 2022/01/15 2.8a Font selection for XeLaTeX and LuaLaTeX
(C:/Users/PandoBanana/AppData/Local/Programs/MiKTeX/tex/latex/fontspec/fontspec
-luatex.sty
Package: fontspec-luatex 2022/01/15 v2.8a Font selection for XeLaTeX and LuaLaT
eX
\l__fontspec_script_int=\count324
\l__fontspec_language_int=\count325
\l__fontspec_strnum_int=\count326
\l__fontspec_tmp_int=\count327
\l__fontspec_tmpa_int=\count328
\l__fontspec_tmpb_int=\count329
\l__fontspec_tmpc_int=\count330
\l__fontspec_em_int=\count331
\l__fontspec_emdef_int=\count332
\l__fontspec_strong_int=\count333
\l__fontspec_strongdef_int=\count334
\l__fontspec_tmpa_dim=\dimen176
\l__fontspec_tmpb_dim=\dimen177
\l__fontspec_tmpc_dim=\dimen178

(C:/Users/PandoBanana/AppData/Local/Programs/MiKTeX/tex/latex/base/fontenc.sty
Package: fontenc 2021/04/29 v2.0v Standard LaTeX package
)
(C:/Users/PandoBanana/AppData/Local/Programs/MiKTeX/tex/latex/fontspec/fontspec
.cfg)))
(C:/Users/PandoBanana/AppData/Local/Programs/MiKTeX/tex/latex/tools/tabularx.st
y
Package: tabularx 2023/07/08 v2.11c `tabularx' package (DPC)
\TX@col@width=\dimen179
\TX@old@table=\dimen180
\TX@old@col=\dimen181
\TX@target=\dimen182
\TX@delta=\dimen183
\TX@cols=\count335
\TX@ftn=\toks34
)
(C:/Users/PandoBanana/AppData/Local/Programs/MiKTeX/tex/latex/graphics/rotating
.sty
Package: rotating 2016/08/11 v2.16d rotated objects in LaTeX

(C:/Users/PandoBanana/AppData/Local/Programs/MiKTeX/tex/latex/base/ifthen.sty
Package: ifthen 2022/04/13 v1.1d Standard LaTeX ifthen package (DPC)
)
\c@r@tfl@t=\count336
\rotFPtop=\skip58
\rotFPbot=\skip59
\rot@float@box=\box63
\rot@mess@toks=\toks35
)
(C:/Users/PandoBanana/AppData/Local/Programs/MiKTeX/tex/latex/multirow/multirow
.sty
Package: multirow 2024/11/12 v2.9 Span multiple rows of a table
\multirow@colwidth=\skip60
\multirow@cntb=\count337
\multirow@dima=\skip61
\bigstrutjot=\dimen184
)
(C:/Users/PandoBanana/AppData/Local/Programs/MiKTeX/tex/latex/ulem/ulem.sty
\UL@box=\box64
\UL@hyphenbox=\box65
\UL@skip=\skip62
\UL@hook=\toks36
\UL@height=\dimen185
\UL@pe=\count338
\UL@pixel=\dimen186
\ULC@box=\box66
Package: ulem 2019/11/18
\ULdepth=\dimen187
)

Package fontspec Info: Font family 'MinionFont(0)' created for font
(fontspec)             'MinionFont' with options [Ligatures=TeX,Path =
(fontspec)             ./Fonts/,UprightFont = Minion-Pro-Display.otf,BoldFont
(fontspec)             = Minion-Pro-Bold.ttf,ItalicFont =
(fontspec)             Minion-Pro-Italic.ttf,BoldItalicFont =
(fontspec)             Minion-Pro-Bold-Italic.ttf].
(fontspec)              
(fontspec)              This font family consists of the following NFSS
(fontspec)             series/shapes:
(fontspec)              
(fontspec)             - 'normal' (m/n) with NFSS spec.:
(fontspec)             <->"[./Fonts/Minion-Pro-Display.otf]:mode=node;script=la
tn;language=dflt;+tlig;"
(fontspec)             - 'small caps'  (m/sc) with NFSS spec.:
(fontspec)             <->"[./Fonts/Minion-Pro-Display.otf]:mode=node;script=la
tn;language=dflt;+tlig;+smcp;"
(fontspec)             - 'bold' (b/n) with NFSS spec.:
(fontspec)             <->"[./Fonts/Minion-Pro-Bold.ttf]:mode=node;script=latn;
language=dflt;+tlig;"
(fontspec)             - 'bold small caps'  (b/sc) with NFSS spec.:
(fontspec)             <->"[./Fonts/Minion-Pro-Bold.ttf]:mode=node;script=latn;
language=dflt;+tlig;+smcp;"
(fontspec)             - 'italic' (m/it) with NFSS spec.:
(fontspec)             <->"[./Fonts/Minion-Pro-Italic.ttf]:mode=node;script=lat
n;language=dflt;+tlig;"
(fontspec)             - 'italic small caps'  (m/scit) with NFSS spec.:
(fontspec)             <->"[./Fonts/Minion-Pro-Italic.ttf]:mode=node;script=lat
n;language=dflt;+tlig;+smcp;"
(fontspec)             - 'bold italic' (b/it) with NFSS spec.:
(fontspec)             <->"[./Fonts/Minion-Pro-Bold-Italic.ttf]:mode=node;scrip
t=latn;language=dflt;+tlig;"
(fontspec)             - 'bold italic small caps'  (b/scit) with NFSS spec.:
(fontspec)             <->"[./Fonts/Minion-Pro-Bold-Italic.ttf]:mode=node;scrip
t=latn;language=dflt;+tlig;+smcp;"


(C:/Users/PandoBanana/AppData/Local/Programs/MiKTeX/tex/latex/xcolor/xcolor.sty
Package: xcolor 2023/11/15 v3.01 LaTeX color extensions (UK)

(C:/Users/PandoBanana/AppData/Local/Programs/MiKTeX/tex/latex/graphics-cfg/colo
r.cfg
File: color.cfg 2016/01/02 v1.6 sample color configuration
)
Package xcolor Info: Driver file: luatex.def on input line 274.
LaTeX Info: Redefining \color on input line 758.

(C:/Users/PandoBanana/AppData/Local/Programs/MiKTeX/tex/latex/graphics/mathcolo
r.ltx)
Package xcolor Info: Model `cmy' substituted by `cmy0' on input line 1350.
Package xcolor Info: Model `hsb' substituted by `rgb' on input line 1354.
Package xcolor Info: Model `RGB' extended on input line 1366.
Package xcolor Info: Model `HTML' substituted by `rgb' on input line 1368.
Package xcolor Info: Model `Hsb' substituted by `hsb' on input line 1369.
Package xcolor Info: Model `tHsb' substituted by `hsb' on input line 1370.
Package xcolor Info: Model `HSB' substituted by `hsb' on input line 1371.
Package xcolor Info: Model `Gray' substituted by `gray' on input line 1372.
Package xcolor Info: Model `wave' substituted by `hsb' on input line 1373.
)
(C:/Users/PandoBanana/AppData/Local/Programs/MiKTeX/tex/latex/titlesec/titletoc
.sty
Package: titletoc 2025/01/04 v2.17 TOC entries
\ttl@leftsep=\dimen188
)
(C:/Users/PandoBanana/AppData/Local/Programs/MiKTeX/tex/latex/tocloft/tocloft.s
ty
Package: tocloft 2017/08/31 v2.3i parameterised ToC, etc., typesetting
Package tocloft Info: The document has chapter divisions on input line 51.
\cftparskip=\skip63
\cftbeforetoctitleskip=\skip64
\cftaftertoctitleskip=\skip65
\cftbeforepartskip=\skip66
\cftpartnumwidth=\skip67
\cftpartindent=\skip68
\cftbeforechapskip=\skip69
\cftchapindent=\skip70
\cftchapnumwidth=\skip71
\cftbeforesecskip=\skip72
\cftsecindent=\skip73
\cftsecnumwidth=\skip74
\cftbeforesubsecskip=\skip75
\cftsubsecindent=\skip76
\cftsubsecnumwidth=\skip77
\cftbeforesubsubsecskip=\skip78
\cftsubsubsecindent=\skip79
\cftsubsubsecnumwidth=\skip80
\cftbeforeparaskip=\skip81
\cftparaindent=\skip82
\cftparanumwidth=\skip83
\cftbeforesubparaskip=\skip84
\cftsubparaindent=\skip85
\cftsubparanumwidth=\skip86
\cftbeforeloftitleskip=\skip87
\cftafterloftitleskip=\skip88
\cftbeforefigskip=\skip89
\cftfigindent=\skip90
\cftfignumwidth=\skip91
\c@lofdepth=\count339
\c@lotdepth=\count340
\cftbeforelottitleskip=\skip92
\cftafterlottitleskip=\skip93
\cftbeforetabskip=\skip94
\cfttabindent=\skip95
\cfttabnumwidth=\skip96
)
(C:/Users/PandoBanana/AppData/Local/Programs/MiKTeX/tex/generic/babel/babel.sty
Package: babel 2024/01/07 v24.1 The Babel package

(C:/Users/PandoBanana/AppData/Local/Programs/MiKTeX/tex/generic/babel/luababel.
def
\bbl@readstream=\read4
\l@afrikaans=\language2
Package babel Info: Non-standard hyphenation setup on input line 118.
\l@ancientgreek=\language3
\l@armenian=\language4
\l@assamese=\language5
\l@basque=\language6
\l@belarusian=\language7
\l@bengali=\language8
\l@bokmal=\language9
\l@bulgarian=\language10
\l@catalan=\language11
\l@churchslavonic=\language12
\l@classiclatin=\language13
\l@coptic=\language14
\l@croatian=\language15
\l@czech=\language16
\l@danish=\language17
\l@dutch=\language18
\l@esperanto=\language19
\l@estonian=\language20
\l@ethiopic=\language21
\l@finnish=\language22
\l@french=\language23
\l@friulan=\language24
\l@galician=\language25
\l@georgian=\language26
\l@german=\language27
\l@greek=\language28
\l@gujarati=\language29
\l@hindi=\language30
\l@hungarian=\language31
\l@icelandic=\language32
\l@indonesian=\language33
\l@interlingua=\language34
\l@irish=\language35
\l@italian=\language36
\l@kannada=\language37
\l@kurmanji=\language38
\l@latin=\language39
\l@latvian=\language40
\l@lithuanian=\language41
\l@liturgicallatin=\language42
\l@macedonian=\language43
\l@malayalam=\language44
\l@marathi=\language45
\l@mongolian=\language46
\l@mongolianlmc=\language47
\l@monogreek=\language48
\l@ngerman=\language49
\l@nynorsk=\language50
\l@occitan=\language51
\l@oriya=\language52
\l@pali=\language53
\l@panjabi=\language54
\l@piedmontese=\language55
\l@polish=\language56
\l@portuguese=\language57
\l@romanian=\language58
\l@romansh=\language59
\l@russian=\language60
\l@sanskrit=\language61
\l@serbian=\language62
\l@serbianc=\language63
\l@slovak=\language64
\l@slovenian=\language65
\l@spanish=\language66
\l@swedish=\language67
\l@swissgerman=\language68
\l@tamil=\language69
\l@telugu=\language70
\l@thai=\language71
\l@turkish=\language72
\l@turkmen=\language73
\l@ukenglish=\language74
\l@ukrainian=\language75
\l@uppersorbian=\language76
\l@usenglishmax=\language77
\l@welsh=\language78
\babelcatcodetablenum=\catcodetable14
\bbl@pattcodes=\catcodetable15
)
\babel@savecnt=\count341
\U@D=\dimen189
\l@unhyphenated=\language79

(C:/Users/PandoBanana/AppData/Local/Programs/MiKTeX/tex/generic/babel/luababel.
def
\bbl@attr@locale=\attribute4
)
*************************************
* Local config file bblopts.cfg used
*

(C:/Users/PandoBanana/AppData/Local/Programs/MiKTeX/tex/latex/arabi/bblopts.cfg
File: bblopts.cfg 2005/09/08 v0.1 add Arabic and Farsi to "declared" options of
 babel
)
(C:/Users/PandoBanana/AppData/Local/Programs/MiKTeX/tex/latex/babel-italian/ita
lian.ldf
Language: italian 2024/10/10 v.1.5.01 Italian support for the babel system
\it@lettering=\count342
\it@doublequoteactive=\count343
\it@ISOcompliance=\count344

(C:/Users/PandoBanana/AppData/Local/Programs/MiKTeX/tex/generic/hyph-utf8/loadh
yph/loadhyph-it.tex UTF-8 Italian hyphenation patterns
(C:/Users/PandoBanana/AppData/Local/Programs/MiKTeX/tex/generic/hyph-utf8/patte
rns/tex/hyph-it.tex)
(C:/Users/PandoBanana/AppData/Local/Programs/MiKTeX/tex/generic/hyph-utf8/patte
rns/quote/hyph-quote-it.tex))))
(C:/Users/PandoBanana/AppData/Local/Programs/MiKTeX/tex/generic/babel/locale/it
/babel-italian.tex
Package babel Info: Importing font and identification data for italian
(babel)             from babel-it.ini. Reported on input line 11.
)
(C:/Users/PandoBanana/AppData/Local/Programs/MiKTeX/tex/latex/titlesec/titlesec
.sty
Package: titlesec 2025/01/04 v2.17 Sectioning titles
\ttl@box=\box67
\beforetitleunit=\skip97
\aftertitleunit=\skip98
\ttl@plus=\dimen190
\ttl@minus=\dimen191
\ttl@toksa=\toks37
\titlewidth=\dimen192
\titlewidthlast=\dimen193
\titlewidthfirst=\dimen194
)
(C:/Users/PandoBanana/AppData/Local/Programs/MiKTeX/tex/latex/fancyhdr/fancyhdr
.sty
Package: fancyhdr 2025/02/07 v5.2 Extensive control of page headers and footers

\f@nch@headwidth=\skip99
\f@nch@offset@elh=\skip100
\f@nch@offset@erh=\skip101
\f@nch@offset@olh=\skip102
\f@nch@offset@orh=\skip103
\f@nch@offset@elf=\skip104
\f@nch@offset@erf=\skip105
\f@nch@offset@olf=\skip106
\f@nch@offset@orf=\skip107
\f@nch@height=\skip108
\f@nch@footalignment=\skip109
\f@nch@widthL=\skip110
\f@nch@widthC=\skip111
\f@nch@widthR=\skip112
\@temptokenb=\toks38
)) (./Custom/frontpage.sty

LaTeX Warning: You have requested package `./Custom/frontpage',
               but the package provides `frontpage'.

Package: frontpage 2025/10/18 Custom Frontpage Package

(C:/Users/PandoBanana/AppData/Local/Programs/MiKTeX/tex/latex/setspace/setspace
.sty
Package: setspace 2022/12/04 v6.7b set line spacing
)
(C:/Users/PandoBanana/AppData/Local/Programs/MiKTeX/tex/latex/eso-pic/eso-pic.s
ty
Package: eso-pic 2023/05/03 v3.0c eso-pic (RN)
\ESO@tempdima=\dimen195
\ESO@tempdimb=\dimen196
)) (./Custom/blankpage.sty

LaTeX Warning: You have requested package `./Custom/blankpage',
               but the package provides `blankpage'.

Package: blankpage 2025/10/18 Blank page with centered text

(C:/Users/PandoBanana/AppData/Local/Programs/MiKTeX/tex/latex/tools/afterpage.s
ty
Package: afterpage 2023/07/04 v1.08 After-Page Package (DPC)
\AP@output=\toks39
\AP@partial=\box68
\AP@footins=\box69
)) (./Custom/glossary.sty

LaTeX Warning: You have requested package `./Custom/glossary',
               but the package provides `glossary'.

Package: glossary 2025/10/18 Custom glossary package
)
Package csquotes Info: Checking for multilingual support...
Package csquotes Info: ... found 'babel' package.
Package csquotes Info: Adjusting default style.
Package csquotes Info: Redefining alias 'default' -> 'italian'.
 (./document.aux)
\openout1 = document.aux

LaTeX Font Info:    Checking defaults for OML/npxmi/m/it on input line 22.
LaTeX Font Info:    Trying to load font information for OML+npxmi on input line
 22.

(C:/Users/PandoBanana/AppData/Local/Programs/MiKTeX/tex/latex/newpx/omlnpxmi.fd
File: omlnpxmi.fd 2013/03/21 Fontinst v1.933 font definitions for OML/npxmi.
)
LaTeX Font Info:    ... okay on input line 22.
LaTeX Font Info:    Checking defaults for OMS/cmsy/m/n on input line 22.
LaTeX Font Info:    ... okay on input line 22.
LaTeX Font Info:    Checking defaults for OT1/cmr/m/n on input line 22.
LaTeX Font Info:    ... okay on input line 22.
LaTeX Font Info:    Checking defaults for T1/cmr/m/n on input line 22.
LaTeX Font Info:    ... okay on input line 22.
LaTeX Font Info:    Checking defaults for TS1/cmr/m/n on input line 22.
LaTeX Font Info:    Trying to load font information for TS1+cmr on input line 2
2.
 (C:/Users/PandoBanana/AppData/Local/Programs/MiKTeX/tex/latex/base/ts1cmr.fd
File: ts1cmr.fd 2023/04/13 v2.5m Standard LaTeX font definitions
)
LaTeX Font Info:    ... okay on input line 22.
LaTeX Font Info:    Checking defaults for TU/lmr/m/n on input line 22.
LaTeX Font Info:    ... okay on input line 22.
LaTeX Font Info:    Checking defaults for OMX/cmex/m/n on input line 22.
LaTeX Font Info:    ... okay on input line 22.
LaTeX Font Info:    Checking defaults for U/npxexa/m/n on input line 22.
LaTeX Font Info:    Trying to load font information for U+npxexa on input line 
22.
(C:/Users/PandoBanana/AppData/Local/Programs/MiKTeX/tex/latex/newpx/unpxexa.fd
File: unpxexa.fd 2013/03/24 Fontinst v1.933 font definitions for U/npxexa.
)
LaTeX Font Info:    ... okay on input line 22.
LaTeX Font Info:    Checking defaults for PD1/pdf/m/n on input line 22.
LaTeX Font Info:    ... okay on input line 22.
LaTeX Font Info:    Checking defaults for PU/pdf/m/n on input line 22.
LaTeX Font Info:    ... okay on input line 22.
LaTeX Font Info:    Checking defaults for LMS/npxsy/m/n on input line 22.
LaTeX Font Info:    Trying to load font information for LMS+npxsy on input line
 22.

(C:/Users/PandoBanana/AppData/Local/Programs/MiKTeX/tex/latex/newpx/lmsnpxsy.fd
File: lmsnpxsy.fd 2016/07/04 Fontinst v1.933 font definitions for LMS/npxsy.
)
LaTeX Font Info:    ... okay on input line 22.
LaTeX Font Info:    Checking defaults for LMX/npxexx/m/n on input line 22.
LaTeX Font Info:    Trying to load font information for LMX+npxexx on input lin
e 22.

(C:/Users/PandoBanana/AppData/Local/Programs/MiKTeX/tex/latex/newpx/lmxnpxexx.f
d
File: lmxnpxexx.fd 2016/07/04 Fontinst v1.933 font definitions for LMX/npxexx.
)
LaTeX Font Info:    ... okay on input line 22.

(C:/Users/PandoBanana/AppData/Local/Programs/MiKTeX/tex/context/base/mkii/supp-
pdf.mkii
[Loading MPS to PDF converter (version 2006.09.02).]
\scratchcounter=\count345
\scratchdimen=\dimen197
\scratchbox=\box70
\nofMPsegments=\count346
\nofMParguments=\count347
\everyMPshowfont=\toks40
\MPscratchCnt=\count348
\MPscratchDim=\dimen198
\MPnumerator=\count349
\makeMPintoPDFobject=\count350
\everyMPtoPDFconversion=\toks41
)
(C:/Users/PandoBanana/AppData/Local/Programs/MiKTeX/tex/latex/epstopdf-pkg/epst
opdf-base.sty
Package: epstopdf-base 2020-01-24 v2.11 Base part for package epstopdf
Package epstopdf-base Info: Redefining graphics rule for `.eps' on input line 4
85.

(C:/Users/PandoBanana/AppData/Local/Programs/MiKTeX/tex/latex/00miktex/epstopdf
-sys.cfg
File: epstopdf-sys.cfg 2021/03/18 v2.0 Configuration of epstopdf for MiKTeX
))
*geometry* driver: auto-detecting
*geometry* detected driver: luatex
*geometry* verbose mode - [ preamble ] result:
* driver: luatex
* paper: a4paper
* layout: <same size as paper>
* layoutoffset:(h,v)=(0.0pt,0.0pt)
* modes: twoside 
* h-part:(L,W,R)=(89.626pt, 418.25586pt, 89.626pt)
* v-part:(T,H,B)=(72.2698pt, 700.50723pt, 72.2698pt)
* \paperwidth=597.50787pt
* \paperheight=845.04684pt
* \textwidth=418.25586pt
* \textheight=680.50723pt
* \oddsidemargin=17.35602pt
* \evensidemargin=17.35602pt
* \topmargin=-33.33974pt
* \headheight=20.0pt
* \headsep=21.33955pt
* \topskip=11.0pt
* \footskip=45.52458pt
* \marginparwidth=103.0pt
* \marginparsep=10.0pt
* \columnsep=10.0pt
* \skip\footins=10.0pt plus 4.0pt minus 2.0pt
* \hoffset=0.0pt
* \voffset=0.0pt
* \mag=1000
* \@twocolumnfalse
* \@twosidetrue
* \@mparswitchtrue
* \@reversemarginfalse
* (1in=72.27pt=25.4mm, 1cm=28.453pt)

Package hyperref Info: Link coloring OFF on input line 22.
(./document.out) (./document.out)
\@outlinefile=\write4

\openout4 = document.out
LaTeX Info: Command `\dddot' is already robust on input line 22.
LaTeX Info: Command `\ddddot' is already robust on input line 22.
*geometry* verbose mode - [ newgeometry ] result:
* driver: luatex
* paper: a4paper
* layout: <same size as paper>
* layoutoffset:(h,v)=(0.0pt,0.0pt)
* modes: twoside 
* h-part:(L,W,R)=(56.33633pt, 484.8352pt, 56.33633pt)
* v-part:(T,H,B)=(40.40285pt, 762.81842pt, 41.82558pt)
* \paperwidth=597.50787pt
* \paperheight=845.04684pt
* \textwidth=484.8352pt
* \textheight=762.81842pt
* \oddsidemargin=-15.93365pt
* \evensidemargin=-15.93365pt
* \topmargin=-73.2067pt
* \headheight=20.0pt
* \headsep=21.33955pt
* \topskip=11.0pt
* \footskip=45.52458pt
* \marginparwidth=103.0pt
* \marginparsep=10.0pt
* \columnsep=10.0pt
* \skip\footins=10.0pt plus 4.0pt minus 2.0pt
* \hoffset=0.0pt
* \voffset=0.0pt
* \mag=1000
* \@twocolumnfalse
* \@twosidetrue
* \@mparswitchtrue
* \@reversemarginfalse
* (1in=72.27pt=25.4mm, 1cm=28.453pt)

<./Assets/Federico_II_University_Logo_White.png, id=82, 1312.905pt x 425.59pt>
File: ./Assets/Federico_II_University_Logo_White.png Graphic file (type png)
<use ./Assets/Federico_II_University_Logo_White.png>
Package luatex.def Info: ./Assets/Federico_II_University_Logo_White.png  used o
n input line 23.
(luatex.def)             Requested size: 484.8352pt x 157.16061pt.
LaTeX Font Info:    Trying to load font information for OT1+lmr on input line 2
3.

(C:/Users/PandoBanana/AppData/Local/Programs/MiKTeX/tex/latex/lm/ot1lmr.fd
File: ot1lmr.fd 2015/05/01 v1.6.1 Font defs for Latin Modern
)
LaTeX Font Info:    Trying to load font information for U+npxmia on input line 
23.

(C:/Users/PandoBanana/AppData/Local/Programs/MiKTeX/tex/latex/newpx/unpxmia.fd
File: unpxmia.fd 2013/03/24 Fontinst v1.933 font definitions for U/npxmia.
)
LaTeX Font Info:    Trying to load font information for U+npxsym on input line 
23.
(C:/Users/PandoBanana/AppData/Local/Programs/MiKTeX/tex/latex/newpx/unpxsym.fd
File: unpxsym.fd 2023/08/16 Fontinst v1.933 font definitions for U/npxsym.
)
LaTeX Font Info:    Trying to load font information for U+npxsyc on input line 
23.
(C:/Users/PandoBanana/AppData/Local/Programs/MiKTeX/tex/latex/newpx/unpxsyc.fd
File: unpxsyc.fd 2013/03/24 Fontinst v1.933 font definitions for U/npxsyc.
)
<./Assets/cover.png, id=83, 2489.3pt x 3521.155pt>
File: ./Assets/cover.png Graphic file (type png)
<use ./Assets/cover.png>
Package luatex.def Info: ./Assets/cover.png  used on input line 23.
(luatex.def)             Requested size: 601.50847pt x 849.01666pt.

Overfull \hbox (4.0006pt too wide) has occurred while \output is active
 [][] 
 []

[1


{C:/Users/PandoBanana/AppData/Local/MiKTeX/fonts/map/pdftex/pdftex.map}<./Assets
/cover.png><./Assets/Federico_II_University_Logo_White.png>] [2



]
(./document.toc)
\tf@toc=\write5

\openout5 = document.toc
 [1

] (./document.lof)
\tf@lof=\write6

\openout6 = document.lof
 [2] (./document.lot)
\tf@lot=\write7

\openout7 = document.lot
 [3]
(./glossaryTerms.tex) [4

] [5

] [6


] (./Chapters/Chapter1.tex
Capitolo 1.
) (./Chapters/Chapter2.tex
Underfull \hbox (badness 10000) in paragraph at lines 3--1

 []


warning  (pdf backend): ignoring duplicate destination with the name 'page.1'
[1

]
Capitolo 2.

warning  (pdf backend): ignoring duplicate destination with the name 'page.2'
[2

]) (./Chapters/Chapter3.tex [3]
Capitolo 3.

Underfull \hbox (badness 10000) in paragraph at lines 3--8

 []


Underfull \hbox (badness 10000) in paragraph at lines 3--8

 []

[4

]) (./Chapters/Chapter4.tex [5]
Capitolo 4.
<./Assets/Chapters/use_case.png, id=188, 1088.065pt x 887.315pt>
File: ./Assets/Chapters/use_case.png Graphic file (type png)
<use ./Assets/Chapters/use_case.png>
Package luatex.def Info: ./Assets/Chapters/use_case.png  used on input line 9.
(luatex.def)             Requested size: 292.77782pt x 238.76588pt.

LaTeX Warning: `h' float specifier changed to `ht'.

[6

<./Assets/Chapters/use_case.png>] [7]
<./Assets/Chapters/cockburn.png, id=198, 896.59969pt x 514.17094pt>
File: ./Assets/Chapters/cockburn.png Graphic file (type png)
<use ./Assets/Chapters/cockburn.png>
Package luatex.def Info: ./Assets/Chapters/cockburn.png  used on input line 43.

(luatex.def)             Requested size: 418.25586pt x 239.85588pt.
) (./Chapters/Chapter5.tex [8<./Assets/Chapters/cockburn.png>]
Capitolo 5.

Overfull \hbox (1.15462pt too wide) in paragraph at lines 2--4
\TU/MinionFont(0)/m/n/10.95 uten-ti. Le scher-ma-te rea-liz-za-te per-met-to-no di vi-sua-liz-za-re il \TU/MinionFont(0)/b/n/10.95 com-por-ta-men-to del si-ste-ma \TU/MinionFont(0)/m/n/10.95 e l
’\TU/MinionFont(0)/b/n/10.95 esperienza
 []

<./Assets/Chapters/mkp1.jpg, id=204, 1204.5pt x 620.3175pt>
File: ./Assets/Chapters/mkp1.jpg Graphic file (type jpg)
<use ./Assets/Chapters/mkp1.jpg>
Package luatex.def Info: ./Assets/Chapters/mkp1.jpg  used on input line 10.
(luatex.def)             Requested size: 418.25586pt x 215.40117pt.
<./Assets/Chapters/mkp2.jpg, id=205, 1204.5pt x 617.30624pt>
File: ./Assets/Chapters/mkp2.jpg Graphic file (type jpg)
<use ./Assets/Chapters/mkp2.jpg>
Package luatex.def Info: ./Assets/Chapters/mkp2.jpg  used on input line 22.
(luatex.def)             Requested size: 418.25586pt x 214.35551pt.

Underfull \vbox (badness 2894) has occurred while \output is active []

 [9


<./Assets/Chapters/mkp1.jpg>]
<./Assets/Chapters/mkp3.jpg, id=210, 1204.5pt x 663.98062pt>
File: ./Assets/Chapters/mkp3.jpg Graphic file (type jpg)
<use ./Assets/Chapters/mkp3.jpg>
Package luatex.def Info: ./Assets/Chapters/mkp3.jpg  used on input line 40.
(luatex.def)             Requested size: 418.25586pt x 230.56288pt.
<./Assets/Chapters/mkp4.jpg, id=211, 1204.5pt x 624.08156pt>
File: ./Assets/Chapters/mkp4.jpg Graphic file (type jpg)
<use ./Assets/Chapters/mkp4.jpg>
Package luatex.def Info: ./Assets/Chapters/mkp4.jpg  used on input line 52.
(luatex.def)             Requested size: 418.25586pt x 216.7082pt.
 [10<./Assets/Chapters/mkp2.jpg>] [11<./Assets/Chapters/mkp3.jpg><./Assets/Chapt
ers/mkp4.jpg>]
<./Assets/Chapters/mkp5.jpg, id=220, 560.8453pt x 277.78781pt>
File: ./Assets/Chapters/mkp5.jpg Graphic file (type jpg)
<use ./Assets/Chapters/mkp5.jpg>
Package luatex.def Info: ./Assets/Chapters/mkp5.jpg  used on input line 62.
(luatex.def)             Requested size: 418.25586pt x 207.16197pt.
<./Assets/Chapters/mkp6.jpg, id=221, 1204.5pt x 624.08156pt>
File: ./Assets/Chapters/mkp6.jpg Graphic file (type jpg)
<use ./Assets/Chapters/mkp6.jpg>
Package luatex.def Info: ./Assets/Chapters/mkp6.jpg  used on input line 71.
(luatex.def)             Requested size: 418.25586pt x 216.7082pt.
<./Assets/Chapters/mkp7.jpg, id=222, 598.48593pt x 215.30438pt>
File: ./Assets/Chapters/mkp7.jpg Graphic file (type jpg)
<use ./Assets/Chapters/mkp7.jpg>
Package luatex.def Info: ./Assets/Chapters/mkp7.jpg  used on input line 79.
(luatex.def)             Requested size: 418.25586pt x 150.46892pt.
) [12<./Assets/Chapters/mkp5.jpg>] [13<./Assets/Chapters/mkp6.jpg><./Assets/Chap
ters/mkp7.jpg>] (./document.aux)
 ***********
LaTeX2e <2023-11-01> patch level 1
L3 programming layer <2024-01-04>
 ***********
Package rerunfilecheck Info: File `document.out' has not changed.
(rerunfilecheck)             Checksum: BCF574F9464320D75D3473EA7FB047D3;3688.
)

Here is how much of LuaTeX's memory you used:
 20992 strings out of 476497
 100000,1977958 words of node,token memory allocated
 744 words of node memory still in use:
   7 hlist, 2 vlist, 2 rule, 5 glue, 4 kern, 1 glyph, 10 attribute, 96 glue_spec
, 7 attribute_list, 1 write nodes
   avail lists: 1:3,2:2103,3:234,4:236,5:2857,6:74,7:5517,8:2,9:1162,10:6,11:831

 42364 multiletter control sequences out of 65536+600000
 107 fonts using 11679183 bytes
 87i,16n,98p,576b,600s stack positions out of 10000i,1000n,20000p,200000b,200000s
<./Fonts/Minion-Pro-Bold-Italic.ttf><./Fonts/Minion-Pro-Italic.ttf><./Fonts/Mini
on-Pro-Display.otf><./Fonts/Minion-Pro-Bold.ttf>
Output written on document.pdf (21 pages, 1530118 bytes).

PDF statistics: 263 PDF objects out of 1000 (max. 8388607)
 52 named destinations out of 1000 (max. 131072)
 161 words of extra memory for PDF output out of 10000 (max. 100000000)

